<?xml version="1.0" encoding="UTF-8"?>
<testng-results skipped="0" failed="0" ignored="0" total="2" passed="2">
  <reporter-output>
  </reporter-output>
  <suite name="Automation Test" duration-ms="79" started-at="2018-05-20T18:19:39Z" finished-at="2018-05-20T18:19:39Z">
    <groups>
    </groups>
    <test name="Smoke Test" duration-ms="79" started-at="2018-05-20T18:19:39Z" finished-at="2018-05-20T18:19:39Z">
      <class name="testngFiles.Annotations">
        <test-method status="PASS" signature="DeleteCookies()[pri:0, instance:testngFiles.Annotations@1810399e]" name="DeleteCookies" is-config="true" duration-ms="15" started-at="2018-05-20T19:19:39Z" finished-at="2018-05-20T19:19:39Z">
          <reporter-output>
          </reporter-output>
        </test-method> <!-- DeleteCookies -->
        <test-method status="PASS" signature="UseridGeneration()[pri:0, instance:testngFiles.Annotations@1810399e]" name="UseridGeneration" is-config="true" duration-ms="1" started-at="2018-05-20T19:19:39Z" finished-at="2018-05-20T19:19:39Z">
          <reporter-output>
          </reporter-output>
        </test-method> <!-- UseridGeneration -->
        <test-method status="PASS" signature="FlightBooking()[pri:0, instance:testngFiles.Annotations@1810399e]" name="FlightBooking" duration-ms="17" started-at="2018-05-20T19:19:39Z" finished-at="2018-05-20T19:19:39Z">
          <reporter-output>
          </reporter-output>
        </test-method> <!-- FlightBooking -->
        <test-method status="PASS" signature="Reportadding()[pri:0, instance:testngFiles.Annotations@1810399e]" name="Reportadding" is-config="true" duration-ms="1" started-at="2018-05-20T19:19:39Z" finished-at="2018-05-20T19:19:39Z">
          <reporter-output>
          </reporter-output>
        </test-method> <!-- Reportadding -->
        <test-method status="PASS" signature="OpeningBrowser()[pri:0, instance:testngFiles.Annotations@1810399e]" name="OpeningBrowser" duration-ms="4" started-at="2018-05-20T19:19:39Z" finished-at="2018-05-20T19:19:39Z">
          <reporter-output>
          </reporter-output>
        </test-method> <!-- OpeningBrowser -->
        <test-method status="PASS" signature="UseridGeneration()[pri:0, instance:testngFiles.Annotations@1810399e]" name="UseridGeneration" is-config="true" duration-ms="0" started-at="2018-05-20T19:19:39Z" finished-at="2018-05-20T19:19:39Z">
          <reporter-output>
          </reporter-output>
        </test-method> <!-- UseridGeneration -->
        <test-method status="PASS" signature="Reportadding()[pri:0, instance:testngFiles.Annotations@1810399e]" name="Reportadding" is-config="true" duration-ms="1" started-at="2018-05-20T19:19:39Z" finished-at="2018-05-20T19:19:39Z">
          <reporter-output>
          </reporter-output>
        </test-method> <!-- Reportadding -->
        <test-method status="PASS" signature="Cookies()[pri:0, instance:testngFiles.Annotations@1810399e]" name="Cookies" is-config="true" duration-ms="1" started-at="2018-05-20T19:19:39Z" finished-at="2018-05-20T19:19:39Z">
          <reporter-output>
          </reporter-output>
        </test-method> <!-- Cookies -->
      </class> <!-- testngFiles.Annotations -->
    </test> <!-- Smoke Test -->
  </suite> <!-- Automation Test -->
</testng-results>
